<?xml version="1.0" encoding="UTF-8"?>
<coverage generated="1738519744157" clover="3.2.0">
  <project timestamp="1738519744157" name="All files">
    <metrics statements="112" coveredstatements="82" conditionals="32" coveredconditionals="19" methods="13" coveredmethods="10" elements="157" coveredelements="111" complexity="0" loc="112" ncloc="112" packages="6" files="8" classes="8"/>
    <package name="backend">
      <metrics statements="13" coveredstatements="11" conditionals="2" coveredconditionals="1" methods="2" coveredmethods="1"/>
      <file name="app.js" path="C:\Users\Srikrishna\OneDrive\Desktop\BharatFd\backend\app.js">
        <metrics statements="13" coveredstatements="11" conditionals="2" coveredconditionals="1" methods="2" coveredmethods="1"/>
        <line num="7" count="1" type="stmt"/>
        <line num="9" count="1" type="stmt"/>
        <line num="12" count="1" type="stmt"/>
        <line num="13" count="1" type="stmt"/>
        <line num="16" count="1" type="stmt"/>
        <line num="19" count="1" type="stmt"/>
        <line num="22" count="1" type="stmt"/>
        <line num="23" count="0" type="stmt"/>
        <line num="24" count="0" type="stmt"/>
        <line num="27" count="1" type="cond" truecount="1" falsecount="1"/>
        <line num="28" count="1" type="stmt"/>
        <line num="29" count="1" type="stmt"/>
        <line num="31" count="1" type="stmt"/>
      </file>
    </package>
    <package name="backend.config">
      <metrics statements="19" coveredstatements="13" conditionals="2" coveredconditionals="1" methods="5" coveredmethods="4"/>
      <file name="database.js" path="C:\Users\Srikrishna\OneDrive\Desktop\BharatFd\backend\config\database.js">
        <metrics statements="12" coveredstatements="6" conditionals="0" coveredconditionals="0" methods="2" coveredmethods="1"/>
        <line num="5" count="1" type="stmt"/>
        <line num="7" count="1" type="stmt"/>
        <line num="8" count="1" type="stmt"/>
        <line num="9" count="1" type="stmt"/>
        <line num="13" count="1" type="stmt"/>
        <line num="15" count="0" type="stmt"/>
        <line num="16" count="0" type="stmt"/>
        <line num="20" count="1" type="stmt"/>
        <line num="21" count="0" type="stmt"/>
        <line num="22" count="0" type="stmt"/>
        <line num="23" count="0" type="stmt"/>
        <line num="25" count="0" type="stmt"/>
      </file>
      <file name="logger.js" path="C:\Users\Srikrishna\OneDrive\Desktop\BharatFd\backend\config\logger.js">
        <metrics statements="1" coveredstatements="1" conditionals="0" coveredconditionals="0" methods="0" coveredmethods="0"/>
        <line num="3" count="1" type="stmt"/>
      </file>
      <file name="redis.js" path="C:\Users\Srikrishna\OneDrive\Desktop\BharatFd\backend\config\redis.js">
        <metrics statements="6" coveredstatements="6" conditionals="2" coveredconditionals="1" methods="3" coveredmethods="3"/>
        <line num="4" count="1" type="stmt"/>
        <line num="7" count="1" type="cond" truecount="1" falsecount="1"/>
        <line num="10" count="1" type="stmt"/>
        <line num="11" count="1" type="stmt"/>
        <line num="13" count="1" type="stmt"/>
        <line num="14" count="6" type="stmt"/>
      </file>
    </package>
    <package name="backend.controllers">
      <metrics statements="60" coveredstatements="42" conditionals="20" coveredconditionals="11" methods="5" coveredmethods="4"/>
      <file name="faqController.js" path="C:\Users\Srikrishna\OneDrive\Desktop\BharatFd\backend\controllers\faqController.js">
        <metrics statements="60" coveredstatements="42" conditionals="20" coveredconditionals="11" methods="5" coveredmethods="4"/>
        <line num="6" count="1" type="stmt"/>
        <line num="7" count="3" type="stmt"/>
        <line num="8" count="3" type="stmt"/>
        <line num="11" count="3" type="cond" truecount="3" falsecount="1"/>
        <line num="12" count="0" type="stmt"/>
        <line num="17" count="3" type="stmt"/>
        <line num="18" count="3" type="stmt"/>
        <line num="25" count="0" type="stmt"/>
        <line num="27" count="0" type="stmt"/>
        <line num="28" count="0" type="stmt"/>
        <line num="29" count="0" type="stmt"/>
        <line num="30" count="0" type="stmt"/>
        <line num="34" count="3" type="stmt"/>
        <line num="43" count="3" type="stmt"/>
        <line num="46" count="3" type="stmt"/>
        <line num="47" count="3" type="stmt"/>
        <line num="49" count="3" type="stmt"/>
        <line num="51" count="0" type="stmt"/>
        <line num="52" count="0" type="stmt"/>
        <line num="56" count="1" type="stmt"/>
        <line num="57" count="1" type="stmt"/>
        <line num="58" count="1" type="cond" truecount="2" falsecount="0"/>
        <line num="59" count="1" type="stmt"/>
        <line num="62" count="1" type="stmt"/>
        <line num="65" count="1" type="stmt"/>
        <line num="67" count="1" type="cond" truecount="1" falsecount="1"/>
        <line num="68" count="0" type="stmt"/>
        <line num="72" count="1" type="stmt"/>
        <line num="75" count="1" type="stmt"/>
        <line num="82" count="1" type="stmt"/>
        <line num="84" count="1" type="stmt"/>
        <line num="86" count="0" type="stmt"/>
        <line num="87" count="0" type="stmt"/>
        <line num="91" count="1" type="stmt"/>
        <line num="92" count="1" type="stmt"/>
        <line num="93" count="1" type="stmt"/>
        <line num="94" count="1" type="stmt"/>
        <line num="96" count="1" type="cond" truecount="3" falsecount="1"/>
        <line num="97" count="0" type="stmt"/>
        <line num="101" count="1" type="stmt"/>
        <line num="107" count="1" type="cond" truecount="1" falsecount="1"/>
        <line num="108" count="0" type="stmt"/>
        <line num="112" count="1" type="stmt"/>
        <line num="113" count="1" type="stmt"/>
        <line num="115" count="1" type="stmt"/>
        <line num="117" count="0" type="stmt"/>
        <line num="118" count="0" type="stmt"/>
        <line num="123" count="1" type="stmt"/>
        <line num="124" count="1" type="stmt"/>
        <line num="125" count="1" type="stmt"/>
        <line num="126" count="1" type="stmt"/>
        <line num="128" count="1" type="stmt"/>
        <line num="129" count="1" type="stmt"/>
        <line num="130" count="1" type="cond" truecount="1" falsecount="1"/>
        <line num="131" count="0" type="stmt"/>
        <line num="135" count="1" type="stmt"/>
        <line num="136" count="1" type="stmt"/>
        <line num="138" count="1" type="stmt"/>
        <line num="140" count="0" type="stmt"/>
        <line num="141" count="0" type="stmt"/>
      </file>
    </package>
    <package name="backend.models">
      <metrics statements="2" coveredstatements="2" conditionals="0" coveredconditionals="0" methods="0" coveredmethods="0"/>
      <file name="FAQ.js" path="C:\Users\Srikrishna\OneDrive\Desktop\BharatFd\backend\models\FAQ.js">
        <metrics statements="2" coveredstatements="2" conditionals="0" coveredconditionals="0" methods="0" coveredmethods="0"/>
        <line num="3" count="2" type="stmt"/>
        <line num="45" count="2" type="stmt"/>
      </file>
    </package>
    <package name="backend.routes">
      <metrics statements="5" coveredstatements="5" conditionals="0" coveredconditionals="0" methods="0" coveredmethods="0"/>
      <file name="faqRoutes.js" path="C:\Users\Srikrishna\OneDrive\Desktop\BharatFd\backend\routes\faqRoutes.js">
        <metrics statements="5" coveredstatements="5" conditionals="0" coveredconditionals="0" methods="0" coveredmethods="0"/>
        <line num="9" count="1" type="stmt"/>
        <line num="12" count="1" type="stmt"/>
        <line num="15" count="1" type="stmt"/>
        <line num="18" count="1" type="stmt"/>
        <line num="21" count="1" type="stmt"/>
      </file>
    </package>
    <package name="backend.services">
      <metrics statements="13" coveredstatements="9" conditionals="8" coveredconditionals="6" methods="1" coveredmethods="1"/>
      <file name="translationService.js" path="C:\Users\Srikrishna\OneDrive\Desktop\BharatFd\backend\services\translationService.js">
        <metrics statements="13" coveredstatements="9" conditionals="8" coveredconditionals="6" methods="1" coveredmethods="1"/>
        <line num="4" count="1" type="stmt"/>
        <line num="7" count="1" type="stmt"/>
        <line num="17" count="1" type="stmt"/>
        <line num="18" count="12" type="stmt"/>
        <line num="19" count="12" type="cond" truecount="3" falsecount="1"/>
        <line num="20" count="0" type="stmt"/>
        <line num="24" count="12" type="stmt"/>
        <line num="32" count="12" type="stmt"/>
        <line num="35" count="12" type="cond" truecount="3" falsecount="1"/>
        <line num="36" count="12" type="stmt"/>
        <line num="38" count="0" type="stmt"/>
        <line num="41" count="0" type="stmt"/>
        <line num="42" count="0" type="stmt"/>
      </file>
    </package>
  </project>
</coverage>
