{"C:\\Users\\Srikrishna\\OneDrive\\Desktop\\BharatFd\\backend\\app.js": {"path":"C:\\Users\\Srikrishna\\OneDrive\\Desktop\\BharatFd\\backend\\app.js","statementMap":{"0":{"start":{"line":7,"column":0},"end":{"line":7,"column":16}},"1":{"start":{"line":9,"column":12},"end":{"line":9,"column":21}},"2":{"start":{"line":12,"column":0},"end":{"line":12,"column":16}},"3":{"start":{"line":13,"column":0},"end":{"line":13,"column":24}},"4":{"start":{"line":16,"column":0},"end":{"line":16,"column":12}},"5":{"start":{"line":19,"column":0},"end":{"line":19,"column":32}},"6":{"start":{"line":22,"column":0},"end":{"line":25,"column":3}},"7":{"start":{"line":23,"column":2},"end":{"line":23,"column":27}},"8":{"start":{"line":24,"column":2},"end":{"line":24,"column":59}},"9":{"start":{"line":27,"column":13},"end":{"line":27,"column":37}},"10":{"start":{"line":28,"column":0},"end":{"line":30,"column":3}},"11":{"start":{"line":29,"column":2},"end":{"line":29,"column":48}},"12":{"start":{"line":31,"column":0},"end":{"line":31,"column":21}}},"fnMap":{"0":{"name":"(anonymous_0)","decl":{"start":{"line":22,"column":8},"end":{"line":22,"column":9}},"loc":{"start":{"line":22,"column":27},"end":{"line":25,"column":1}},"line":22},"1":{"name":"(anonymous_1)","decl":{"start":{"line":28,"column":17},"end":{"line":28,"column":18}},"loc":{"start":{"line":28,"column":23},"end":{"line":30,"column":1}},"line":28}},"branchMap":{"0":{"loc":{"start":{"line":27,"column":13},"end":{"line":27,"column":37}},"type":"binary-expr","locations":[{"start":{"line":27,"column":13},"end":{"line":27,"column":29}},{"start":{"line":27,"column":33},"end":{"line":27,"column":37}}],"line":27}},"s":{"0":1,"1":1,"2":1,"3":1,"4":1,"5":1,"6":1,"7":0,"8":0,"9":1,"10":1,"11":1,"12":1},"f":{"0":0,"1":1},"b":{"0":[1,0]},"_coverageSchema":"1a1c01bbd47fc00a2c39e90264f33305004495a9","hash":"8c3178f56cccca57cd96458749453eca54405fe0"}
,"C:\\Users\\Srikrishna\\OneDrive\\Desktop\\BharatFd\\backend\\config\\database.js": {"path":"C:\\Users\\Srikrishna\\OneDrive\\Desktop\\BharatFd\\backend\\config\\database.js","statementMap":{"0":{"start":{"line":5,"column":0},"end":{"line":5,"column":16}},"1":{"start":{"line":7,"column":18},"end":{"line":18,"column":1}},"2":{"start":{"line":8,"column":2},"end":{"line":17,"column":3}},"3":{"start":{"line":9,"column":4},"end":{"line":12,"column":7}},"4":{"start":{"line":13,"column":4},"end":{"line":13,"column":37}},"5":{"start":{"line":15,"column":4},"end":{"line":15,"column":54}},"6":{"start":{"line":16,"column":4},"end":{"line":16,"column":20}},"7":{"start":{"line":20,"column":21},"end":{"line":27,"column":1}},"8":{"start":{"line":21,"column":2},"end":{"line":26,"column":3}},"9":{"start":{"line":22,"column":4},"end":{"line":22,"column":32}},"10":{"start":{"line":23,"column":4},"end":{"line":23,"column":40}},"11":{"start":{"line":25,"column":4},"end":{"line":25,"column":57}}},"fnMap":{"0":{"name":"(anonymous_0)","decl":{"start":{"line":7,"column":18},"end":{"line":7,"column":19}},"loc":{"start":{"line":7,"column":30},"end":{"line":18,"column":1}},"line":7},"1":{"name":"(anonymous_1)","decl":{"start":{"line":20,"column":21},"end":{"line":20,"column":22}},"loc":{"start":{"line":20,"column":33},"end":{"line":27,"column":1}},"line":20}},"branchMap":{},"s":{"0":1,"1":1,"2":1,"3":1,"4":1,"5":0,"6":0,"7":1,"8":0,"9":0,"10":0,"11":0},"f":{"0":1,"1":0},"b":{},"_coverageSchema":"1a1c01bbd47fc00a2c39e90264f33305004495a9","hash":"0dd25e21ede78ece7f8c3796e5758249a362d82b"}
,"C:\\Users\\Srikrishna\\OneDrive\\Desktop\\BharatFd\\backend\\config\\logger.js": {"path":"C:\\Users\\Srikrishna\\OneDrive\\Desktop\\BharatFd\\backend\\config\\logger.js","statementMap":{"0":{"start":{"line":3,"column":15},"end":{"line":14,"column":2}}},"fnMap":{},"branchMap":{},"s":{"0":1},"f":{},"b":{},"_coverageSchema":"1a1c01bbd47fc00a2c39e90264f33305004495a9","hash":"53a6ef483ec22114eb4efdaa8ded1b8a5ccdcf4a"}
,"C:\\Users\\Srikrishna\\OneDrive\\Desktop\\BharatFd\\backend\\config\\redis.js": {"path":"C:\\Users\\Srikrishna\\OneDrive\\Desktop\\BharatFd\\backend\\config\\redis.js","statementMap":{"0":{"start":{"line":4,"column":0},"end":{"line":4,"column":16}},"1":{"start":{"line":7,"column":14},"end":{"line":7,"column":74}},"2":{"start":{"line":10,"column":21},"end":{"line":15,"column":1}},"3":{"start":{"line":11,"column":22},"end":{"line":11,"column":42}},"4":{"start":{"line":13,"column":4},"end":{"line":13,"column":47}},"5":{"start":{"line":14,"column":22},"end":{"line":14,"column":42}}},"fnMap":{"0":{"name":"(anonymous_0)","decl":{"start":{"line":11,"column":7},"end":{"line":11,"column":8}},"loc":{"start":{"line":11,"column":22},"end":{"line":11,"column":42}},"line":11},"1":{"name":"(anonymous_1)","decl":{"start":{"line":12,"column":7},"end":{"line":12,"column":8}},"loc":{"start":{"line":13,"column":4},"end":{"line":13,"column":47}},"line":13},"2":{"name":"(anonymous_2)","decl":{"start":{"line":14,"column":7},"end":{"line":14,"column":8}},"loc":{"start":{"line":14,"column":22},"end":{"line":14,"column":42}},"line":14}},"branchMap":{"0":{"loc":{"start":{"line":7,"column":24},"end":{"line":7,"column":73}},"type":"binary-expr","locations":[{"start":{"line":7,"column":24},"end":{"line":7,"column":45}},{"start":{"line":7,"column":49},"end":{"line":7,"column":73}}],"line":7}},"s":{"0":1,"1":1,"2":1,"3":1,"4":1,"5":6},"f":{"0":1,"1":1,"2":6},"b":{"0":[1,0]},"_coverageSchema":"1a1c01bbd47fc00a2c39e90264f33305004495a9","hash":"7f6fa78c92a67781c899be3332c9380412ac4d0a"}
,"C:\\Users\\Srikrishna\\OneDrive\\Desktop\\BharatFd\\backend\\controllers\\faqController.js": {"path":"C:\\Users\\Srikrishna\\OneDrive\\Desktop\\BharatFd\\backend\\controllers\\faqController.js","statementMap":{"0":{"start":{"line":6,"column":25},"end":{"line":54,"column":1}},"1":{"start":{"line":7,"column":2},"end":{"line":53,"column":3}},"2":{"start":{"line":8,"column":39},"end":{"line":8,"column":47}},"3":{"start":{"line":11,"column":4},"end":{"line":13,"column":5}},"4":{"start":{"line":12,"column":6},"end":{"line":12,"column":87}},"5":{"start":{"line":17,"column":4},"end":{"line":31,"column":5}},"6":{"start":{"line":18,"column":6},"end":{"line":23,"column":9}},"7":{"start":{"line":25,"column":6},"end":{"line":25,"column":60}},"8":{"start":{"line":27,"column":6},"end":{"line":27,"column":32}},"9":{"start":{"line":28,"column":6},"end":{"line":28,"column":32}},"10":{"start":{"line":29,"column":6},"end":{"line":29,"column":28}},"11":{"start":{"line":30,"column":6},"end":{"line":30,"column":28}},"12":{"start":{"line":34,"column":16},"end":{"line":41,"column":6}},"13":{"start":{"line":43,"column":4},"end":{"line":43,"column":56}},"14":{"start":{"line":46,"column":4},"end":{"line":46,"column":30}},"15":{"start":{"line":47,"column":4},"end":{"line":47,"column":81}},"16":{"start":{"line":49,"column":4},"end":{"line":49,"column":30}},"17":{"start":{"line":51,"column":4},"end":{"line":51,"column":47}},"18":{"start":{"line":52,"column":4},"end":{"line":52,"column":61}},"19":{"start":{"line":56,"column":23},"end":{"line":89,"column":1}},"20":{"start":{"line":57,"column":2},"end":{"line":88,"column":3}},"21":{"start":{"line":58,"column":17},"end":{"line":58,"column":39}},"22":{"start":{"line":59,"column":21},"end":{"line":59,"column":35}},"23":{"start":{"line":62,"column":4},"end":{"line":62,"column":30}},"24":{"start":{"line":65,"column":23},"end":{"line":65,"column":48}},"25":{"start":{"line":67,"column":4},"end":{"line":69,"column":5}},"26":{"start":{"line":68,"column":6},"end":{"line":68,"column":46}},"27":{"start":{"line":72,"column":17},"end":{"line":72,"column":33}},"28":{"start":{"line":75,"column":21},"end":{"line":79,"column":7}},"29":{"start":{"line":75,"column":38},"end":{"line":79,"column":5}},"30":{"start":{"line":82,"column":4},"end":{"line":82,"column":67}},"31":{"start":{"line":84,"column":4},"end":{"line":84,"column":23}},"32":{"start":{"line":86,"column":4},"end":{"line":86,"column":49}},"33":{"start":{"line":87,"column":4},"end":{"line":87,"column":61}},"34":{"start":{"line":91,"column":25},"end":{"line":120,"column":1}},"35":{"start":{"line":92,"column":2},"end":{"line":119,"column":3}},"36":{"start":{"line":93,"column":19},"end":{"line":93,"column":29}},"37":{"start":{"line":94,"column":39},"end":{"line":94,"column":47}},"38":{"start":{"line":96,"column":4},"end":{"line":98,"column":5}},"39":{"start":{"line":97,"column":6},"end":{"line":97,"column":87}},"40":{"start":{"line":101,"column":23},"end":{"line":105,"column":5}},"41":{"start":{"line":107,"column":4},"end":{"line":109,"column":5}},"42":{"start":{"line":108,"column":6},"end":{"line":108,"column":62}},"43":{"start":{"line":112,"column":4},"end":{"line":112,"column":30}},"44":{"start":{"line":113,"column":4},"end":{"line":113,"column":84}},"45":{"start":{"line":115,"column":4},"end":{"line":115,"column":25}},"46":{"start":{"line":117,"column":4},"end":{"line":117,"column":47}},"47":{"start":{"line":118,"column":4},"end":{"line":118,"column":61}},"48":{"start":{"line":123,"column":25},"end":{"line":143,"column":1}},"49":{"start":{"line":124,"column":2},"end":{"line":142,"column":3}},"50":{"start":{"line":125,"column":19},"end":{"line":125,"column":29}},"51":{"start":{"line":126,"column":0},"end":{"line":126,"column":15}},"52":{"start":{"line":128,"column":23},"end":{"line":128,"column":54}},"53":{"start":{"line":129,"column":0},"end":{"line":129,"column":22}},"54":{"start":{"line":130,"column":4},"end":{"line":132,"column":5}},"55":{"start":{"line":131,"column":6},"end":{"line":131,"column":62}},"56":{"start":{"line":135,"column":4},"end":{"line":135,"column":30}},"57":{"start":{"line":136,"column":4},"end":{"line":136,"column":84}},"58":{"start":{"line":138,"column":4},"end":{"line":138,"column":54}},"59":{"start":{"line":140,"column":4},"end":{"line":140,"column":47}},"60":{"start":{"line":141,"column":4},"end":{"line":141,"column":61}}},"fnMap":{"0":{"name":"(anonymous_0)","decl":{"start":{"line":6,"column":25},"end":{"line":6,"column":26}},"loc":{"start":{"line":6,"column":45},"end":{"line":54,"column":1}},"line":6},"1":{"name":"(anonymous_1)","decl":{"start":{"line":56,"column":23},"end":{"line":56,"column":24}},"loc":{"start":{"line":56,"column":43},"end":{"line":89,"column":1}},"line":56},"2":{"name":"(anonymous_2)","decl":{"start":{"line":75,"column":30},"end":{"line":75,"column":31}},"loc":{"start":{"line":75,"column":38},"end":{"line":79,"column":5}},"line":75},"3":{"name":"(anonymous_3)","decl":{"start":{"line":91,"column":25},"end":{"line":91,"column":26}},"loc":{"start":{"line":91,"column":45},"end":{"line":120,"column":1}},"line":91},"4":{"name":"(anonymous_4)","decl":{"start":{"line":123,"column":25},"end":{"line":123,"column":26}},"loc":{"start":{"line":123,"column":45},"end":{"line":143,"column":1}},"line":123}},"branchMap":{"0":{"loc":{"start":{"line":11,"column":4},"end":{"line":13,"column":5}},"type":"if","locations":[{"start":{"line":11,"column":4},"end":{"line":13,"column":5}},{"start":{},"end":{}}],"line":11},"1":{"loc":{"start":{"line":11,"column":8},"end":{"line":11,"column":34}},"type":"binary-expr","locations":[{"start":{"line":11,"column":8},"end":{"line":11,"column":20}},{"start":{"line":11,"column":24},"end":{"line":11,"column":34}}],"line":11},"2":{"loc":{"start":{"line":58,"column":17},"end":{"line":58,"column":39}},"type":"binary-expr","locations":[{"start":{"line":58,"column":17},"end":{"line":58,"column":31}},{"start":{"line":58,"column":35},"end":{"line":58,"column":39}}],"line":58},"3":{"loc":{"start":{"line":67,"column":4},"end":{"line":69,"column":5}},"type":"if","locations":[{"start":{"line":67,"column":4},"end":{"line":69,"column":5}},{"start":{},"end":{}}],"line":67},"4":{"loc":{"start":{"line":77,"column":16},"end":{"line":77,"column":58}},"type":"binary-expr","locations":[{"start":{"line":77,"column":16},"end":{"line":77,"column":39}},{"start":{"line":77,"column":43},"end":{"line":77,"column":58}}],"line":77},"5":{"loc":{"start":{"line":78,"column":14},"end":{"line":78,"column":52}},"type":"binary-expr","locations":[{"start":{"line":78,"column":14},"end":{"line":78,"column":35}},{"start":{"line":78,"column":39},"end":{"line":78,"column":52}}],"line":78},"6":{"loc":{"start":{"line":96,"column":4},"end":{"line":98,"column":5}},"type":"if","locations":[{"start":{"line":96,"column":4},"end":{"line":98,"column":5}},{"start":{},"end":{}}],"line":96},"7":{"loc":{"start":{"line":96,"column":8},"end":{"line":96,"column":34}},"type":"binary-expr","locations":[{"start":{"line":96,"column":8},"end":{"line":96,"column":20}},{"start":{"line":96,"column":24},"end":{"line":96,"column":34}}],"line":96},"8":{"loc":{"start":{"line":107,"column":4},"end":{"line":109,"column":5}},"type":"if","locations":[{"start":{"line":107,"column":4},"end":{"line":109,"column":5}},{"start":{},"end":{}}],"line":107},"9":{"loc":{"start":{"line":130,"column":4},"end":{"line":132,"column":5}},"type":"if","locations":[{"start":{"line":130,"column":4},"end":{"line":132,"column":5}},{"start":{},"end":{}}],"line":130}},"s":{"0":1,"1":3,"2":3,"3":3,"4":0,"5":3,"6":3,"7":0,"8":0,"9":0,"10":0,"11":0,"12":3,"13":3,"14":3,"15":3,"16":3,"17":0,"18":0,"19":1,"20":1,"21":1,"22":1,"23":1,"24":1,"25":1,"26":0,"27":1,"28":1,"29":0,"30":1,"31":1,"32":0,"33":0,"34":1,"35":1,"36":1,"37":1,"38":1,"39":0,"40":1,"41":1,"42":0,"43":1,"44":1,"45":1,"46":0,"47":0,"48":1,"49":1,"50":1,"51":1,"52":1,"53":1,"54":1,"55":0,"56":1,"57":1,"58":1,"59":0,"60":0},"f":{"0":3,"1":1,"2":0,"3":1,"4":1},"b":{"0":[0,3],"1":[3,3],"2":[1,1],"3":[0,1],"4":[0,0],"5":[0,0],"6":[0,1],"7":[1,1],"8":[0,1],"9":[0,1]},"_coverageSchema":"1a1c01bbd47fc00a2c39e90264f33305004495a9","hash":"9273b4542c865f71a0caa72e578b99989860ca53"}
,"C:\\Users\\Srikrishna\\OneDrive\\Desktop\\BharatFd\\backend\\models\\FAQ.js": {"path":"C:\\Users\\Srikrishna\\OneDrive\\Desktop\\BharatFd\\backend\\models\\FAQ.js","statementMap":{"0":{"start":{"line":3,"column":18},"end":{"line":42,"column":1}},"1":{"start":{"line":45,"column":12},"end":{"line":45,"column":44}}},"fnMap":{},"branchMap":{},"s":{"0":2,"1":2},"f":{},"b":{},"_coverageSchema":"1a1c01bbd47fc00a2c39e90264f33305004495a9","hash":"28001d715e2035f569c5b84b83f58e65776ee2b4"}
,"C:\\Users\\Srikrishna\\OneDrive\\Desktop\\BharatFd\\backend\\routes\\faqRoutes.js": {"path":"C:\\Users\\Srikrishna\\OneDrive\\Desktop\\BharatFd\\backend\\routes\\faqRoutes.js","statementMap":{"0":{"start":{"line":9,"column":15},"end":{"line":9,"column":31}},"1":{"start":{"line":12,"column":0},"end":{"line":12,"column":28}},"2":{"start":{"line":15,"column":0},"end":{"line":15,"column":25}},"3":{"start":{"line":18,"column":0},"end":{"line":18,"column":30}},"4":{"start":{"line":21,"column":0},"end":{"line":21,"column":33}}},"fnMap":{},"branchMap":{},"s":{"0":1,"1":1,"2":1,"3":1,"4":1},"f":{},"b":{},"_coverageSchema":"1a1c01bbd47fc00a2c39e90264f33305004495a9","hash":"0403c87379b4b928f7f2506df715ce84b1aa275c"}
,"C:\\Users\\Srikrishna\\OneDrive\\Desktop\\BharatFd\\backend\\services\\translationService.js": {"path":"C:\\Users\\Srikrishna\\OneDrive\\Desktop\\BharatFd\\backend\\services\\translationService.js","statementMap":{"0":{"start":{"line":4,"column":0},"end":{"line":4,"column":16}},"1":{"start":{"line":7,"column":26},"end":{"line":9,"column":2}},"2":{"start":{"line":17,"column":29},"end":{"line":44,"column":1}},"3":{"start":{"line":18,"column":2},"end":{"line":43,"column":3}},"4":{"start":{"line":19,"column":4},"end":{"line":21,"column":5}},"5":{"start":{"line":20,"column":6},"end":{"line":20,"column":63}},"6":{"start":{"line":24,"column":20},"end":{"line":29,"column":5}},"7":{"start":{"line":32,"column":23},"end":{"line":32,"column":69}},"8":{"start":{"line":35,"column":4},"end":{"line":39,"column":5}},"9":{"start":{"line":36,"column":6},"end":{"line":36,"column":53}},"10":{"start":{"line":38,"column":6},"end":{"line":38,"column":46}},"11":{"start":{"line":41,"column":4},"end":{"line":41,"column":47}},"12":{"start":{"line":42,"column":4},"end":{"line":42,"column":16}}},"fnMap":{"0":{"name":"(anonymous_0)","decl":{"start":{"line":17,"column":29},"end":{"line":17,"column":30}},"loc":{"start":{"line":17,"column":57},"end":{"line":44,"column":1}},"line":17}},"branchMap":{"0":{"loc":{"start":{"line":19,"column":4},"end":{"line":21,"column":5}},"type":"if","locations":[{"start":{"line":19,"column":4},"end":{"line":21,"column":5}},{"start":{},"end":{}}],"line":19},"1":{"loc":{"start":{"line":19,"column":8},"end":{"line":19,"column":28}},"type":"binary-expr","locations":[{"start":{"line":19,"column":8},"end":{"line":19,"column":13}},{"start":{"line":19,"column":17},"end":{"line":19,"column":28}}],"line":19},"2":{"loc":{"start":{"line":35,"column":4},"end":{"line":39,"column":5}},"type":"if","locations":[{"start":{"line":35,"column":4},"end":{"line":39,"column":5}},{"start":{"line":37,"column":11},"end":{"line":39,"column":5}}],"line":35},"3":{"loc":{"start":{"line":35,"column":8},"end":{"line":35,"column":65}},"type":"binary-expr","locations":[{"start":{"line":35,"column":8},"end":{"line":35,"column":29}},{"start":{"line":35,"column":33},"end":{"line":35,"column":65}}],"line":35}},"s":{"0":1,"1":1,"2":1,"3":12,"4":12,"5":0,"6":12,"7":12,"8":12,"9":12,"10":0,"11":0,"12":0},"f":{"0":12},"b":{"0":[0,12],"1":[12,12],"2":[12,0],"3":[12,12]},"_coverageSchema":"1a1c01bbd47fc00a2c39e90264f33305004495a9","hash":"837b89873afcacf719a098562316abfeb6b74953"}
}
