TN:
SF:app.js
FN:22,(anonymous_0)
FN:28,(anonymous_1)
FNF:2
FNH:1
FNDA:0,(anonymous_0)
FNDA:1,(anonymous_1)
DA:7,1
DA:9,1
DA:12,1
DA:13,1
DA:16,1
DA:19,1
DA:22,1
DA:23,0
DA:24,0
DA:27,1
DA:28,1
DA:29,1
DA:31,1
LF:13
LH:11
BRDA:27,0,0,1
BRDA:27,0,1,0
BRF:2
BRH:1
end_of_record
TN:
SF:config\database.js
FN:7,(anonymous_0)
FN:20,(anonymous_1)
FNF:2
FNH:1
FNDA:1,(anonymous_0)
FNDA:0,(anonymous_1)
DA:5,1
DA:7,1
DA:8,1
DA:9,1
DA:13,1
DA:15,0
DA:16,0
DA:20,1
DA:21,0
DA:22,0
DA:23,0
DA:25,0
LF:12
LH:6
BRF:0
BRH:0
end_of_record
TN:
SF:config\logger.js
FNF:0
FNH:0
DA:3,1
LF:1
LH:1
BRF:0
BRH:0
end_of_record
TN:
SF:config\redis.js
FN:11,(anonymous_0)
FN:12,(anonymous_1)
FN:14,(anonymous_2)
FNF:3
FNH:3
FNDA:1,(anonymous_0)
FNDA:1,(anonymous_1)
FNDA:6,(anonymous_2)
DA:4,1
DA:7,1
DA:10,1
DA:11,1
DA:13,1
DA:14,6
LF:6
LH:6
BRDA:7,0,0,1
BRDA:7,0,1,0
BRF:2
BRH:1
end_of_record
TN:
SF:controllers\faqController.js
FN:6,(anonymous_0)
FN:56,(anonymous_1)
FN:75,(anonymous_2)
FN:91,(anonymous_3)
FN:123,(anonymous_4)
FNF:5
FNH:4
FNDA:3,(anonymous_0)
FNDA:1,(anonymous_1)
FNDA:0,(anonymous_2)
FNDA:1,(anonymous_3)
FNDA:1,(anonymous_4)
DA:6,1
DA:7,3
DA:8,3
DA:11,3
DA:12,0
DA:17,3
DA:18,3
DA:25,0
DA:27,0
DA:28,0
DA:29,0
DA:30,0
DA:34,3
DA:43,3
DA:46,3
DA:47,3
DA:49,3
DA:51,0
DA:52,0
DA:56,1
DA:57,1
DA:58,1
DA:59,1
DA:62,1
DA:65,1
DA:67,1
DA:68,0
DA:72,1
DA:75,1
DA:82,1
DA:84,1
DA:86,0
DA:87,0
DA:91,1
DA:92,1
DA:93,1
DA:94,1
DA:96,1
DA:97,0
DA:101,1
DA:107,1
DA:108,0
DA:112,1
DA:113,1
DA:115,1
DA:117,0
DA:118,0
DA:123,1
DA:124,1
DA:125,1
DA:126,1
DA:128,1
DA:129,1
DA:130,1
DA:131,0
DA:135,1
DA:136,1
DA:138,1
DA:140,0
DA:141,0
LF:60
LH:42
BRDA:11,0,0,0
BRDA:11,0,1,3
BRDA:11,1,0,3
BRDA:11,1,1,3
BRDA:58,2,0,1
BRDA:58,2,1,1
BRDA:67,3,0,0
BRDA:67,3,1,1
BRDA:77,4,0,0
BRDA:77,4,1,0
BRDA:78,5,0,0
BRDA:78,5,1,0
BRDA:96,6,0,0
BRDA:96,6,1,1
BRDA:96,7,0,1
BRDA:96,7,1,1
BRDA:107,8,0,0
BRDA:107,8,1,1
BRDA:130,9,0,0
BRDA:130,9,1,1
BRF:20
BRH:11
end_of_record
TN:
SF:models\FAQ.js
FNF:0
FNH:0
DA:3,2
DA:45,2
LF:2
LH:2
BRF:0
BRH:0
end_of_record
TN:
SF:routes\faqRoutes.js
FNF:0
FNH:0
DA:9,1
DA:12,1
DA:15,1
DA:18,1
DA:21,1
LF:5
LH:5
BRF:0
BRH:0
end_of_record
TN:
SF:services\translationService.js
FN:17,(anonymous_0)
FNF:1
FNH:1
FNDA:12,(anonymous_0)
DA:4,1
DA:7,1
DA:17,1
DA:18,12
DA:19,12
DA:20,0
DA:24,12
DA:32,12
DA:35,12
DA:36,12
DA:38,0
DA:41,0
DA:42,0
LF:13
LH:9
BRDA:19,0,0,0
BRDA:19,0,1,12
BRDA:19,1,0,12
BRDA:19,1,1,12
BRDA:35,2,0,12
BRDA:35,2,1,0
BRDA:35,3,0,12
BRDA:35,3,1,12
BRF:8
BRH:6
end_of_record
